<?xml version="1.0" encoding="UTF-8"?>
<!-- Generated by org.testng.reporters.JUnitReportReporter -->
<testsuite hostname="DESKTOP-CJFGFQS" failures="0" tests="1" name="booking_hotel.Search_Hotel2" time="18.626" errors="0" timestamp="09 Jul 2021 16:51:21 GMT" skipped="0">
  <testcase classname="booking_hotel.Search_Hotel2" name="searchHotel" time="18.626"/>
</testsuite> <!-- booking_hotel.Search_Hotel2 -->
