<?xml version="1.0" encoding="UTF-8"?>
<!-- Generated by org.testng.reporters.JUnitReportReporter -->
<testsuite hostname="DESKTOP-CJFGFQS" failures="0" tests="1" name="clientA.Search_Hotel" time="49.902" errors="0" timestamp="10 Jul 2021 09:32:25 GMT" skipped="0">
  <testcase classname="clientA.Search_Hotel" name="searchHotel" time="49.902"/>
</testsuite> <!-- clientA.Search_Hotel -->
