<?xml version="1.0" encoding="UTF-8"?>
<!-- Generated by org.testng.reporters.JUnitReportReporter -->
<testsuite hostname="DESKTOP-CJFGFQS" failures="0" tests="1" name="clientA.Search_Hotel" time="48.862" errors="0" timestamp="10 Jul 2021 12:59:12 GMT" skipped="0">
  <testcase classname="clientA.Search_Hotel" name="searchHotel" time="48.862"/>
</testsuite> <!-- clientA.Search_Hotel -->
